<?xml version="1.0" encoding="UTF-8"?>
<!-- Generated by org.testng.reporters.JUnitXMLReporter -->
<testsuite hostname="GDRC5228" name="Test" tests="1" failures="0" timestamp="6 Dec 2017 09:38:46 GMT" time="0.056" errors="0">
  <testcase name="@BeforeClass setUp" time="0.0" classname="ParllelTest.TestChromeTest">
    <failure type="java.lang.IllegalStateException" message="The driver executable does not exist: C:\Users\kbprasanth\workspace\TestProject2\file.getAbsolutePath()">
      <![CDATA[java.lang.IllegalStateException: The driver executable does not exist: C:\Users\kbprasanth\workspace\TestProject2\file.getAbsolutePath()
	at com.google.common.base.Preconditions.checkState(Preconditions.java:197)
	at org.openqa.selenium.remote.service.DriverService.checkExecutable(DriverService.java:121)
	at org.openqa.selenium.remote.service.DriverService.findExecutable(DriverService.java:116)
	at org.openqa.selenium.chrome.ChromeDriverService.access$0(ChromeDriverService.java:1)
	at org.openqa.selenium.chrome.ChromeDriverService$Builder.findDefaultExecutable(ChromeDriverService.java:137)
	at org.openqa.selenium.remote.service.DriverService$Builder.build(DriverService.java:296)
	at org.openqa.selenium.chrome.ChromeDriverService.createDefaultService(ChromeDriverService.java:88)
	at org.openqa.selenium.chrome.ChromeDriver.<init>(ChromeDriver.java:116)
	at ParllelTest.TestChromeTest.setUp(TestChromeTest.java:37)
... Removed 24 stack frames]]>
    </failure>
  </testcase> <!-- @BeforeClass setUp -->
  <testcase name="bpicro" time="0.001" classname="ParllelTest.TestChromeTest">
    <skipped/>
  </testcase> <!-- bpicro -->
</testsuite> <!-- Test -->
